#
# There is insufficient memory for the Java Runtime Environment to continue.
# Native memory allocation (mmap) failed to map 264241152 bytes for G1 virtual space
# Possible reasons:
#   The system is out of physical RAM or swap space
#   The process is running with CompressedOops enabled, and the Java Heap may be blocking the growth of the native heap
# Possible solutions:
#   Reduce memory load on the system
#   Increase physical memory or swap space
#   Check if swap backing store is full
#   Decrease Java heap size (-Xmx/-Xms)
#   Decrease number of Java threads
#   Decrease Java thread stack sizes (-Xss)
#   Set larger code cache with -XX:ReservedCodeCacheSize=
#   JVM is running with Zero Based Compressed Oops mode in which the Java heap is
#     placed in the first 32GB address space. The Java Heap base address is the
#     maximum limit for the native heap growth. Please use -XX:HeapBaseMinAddress
#     to set the Java Heap base and to place the Java Heap above 32GB virtual address.
# This output file may be truncated or incomplete.
#
#  Out of Memory Error (os_windows.cpp:3557), pid=47476, tid=11112
#
# JRE version:  (17.0.6+10) (build )
# Java VM: OpenJDK 64-Bit Server VM (17.0.6+10, mixed mode, sharing, tiered, compressed oops, compressed class ptrs, g1 gc, windows-amd64)
# No core dump will be written. Minidumps are not enabled by default on client versions of Windows
#

---------------  S U M M A R Y ------------

Command Line: --module-path=C:\javafx-sdk-18.0.1\lib --add-modules=javafx.controls,javafx.fxml -Dfile.encoding=UTF-8 -XX:+ShowCodeDetailsInExceptionMessages application.Main

Host: 11th Gen Intel(R) Core(TM) i7-11850H @ 2.50GHz, 16 cores, 15G,  Windows 10 , 64 bit Build 19041 (10.0.19041.2788)
Time: Fri Apr 28 16:20:40 2023 Central Daylight Time elapsed time: 0.169953 seconds (0d 0h 0m 0s)

---------------  T H R E A D  ---------------

Current thread (0x00000208a7cbcb90):  JavaThread "Unknown thread" [_thread_in_vm, id=11112, stack(0x0000002033e00000,0x0000002033f00000)]

Stack: [0x0000002033e00000,0x0000002033f00000]
Native frames: (J=compiled Java code, j=interpreted, Vv=VM code, C=native code)
V  [jvm.dll+0x67741a]
V  [jvm.dll+0x834434]
V  [jvm.dll+0x835bde]
V  [jvm.dll+0x836243]
V  [jvm.dll+0x2457b5]
V  [jvm.dll+0x674329]
V  [jvm.dll+0x6689da]
V  [jvm.dll+0x30489b]
V  [jvm.dll+0x30bd96]
V  [jvm.dll+0x35b57e]
V  [jvm.dll+0x35b7af]
V  [jvm.dll+0x2db778]
V  [jvm.dll+0x2dc6e4]
V  [jvm.dll+0x806131]
V  [jvm.dll+0x369331]
V  [jvm.dll+0x7e56ac]
V  [jvm.dll+0x3eb35f]
V  [jvm.dll+0x3ecea1]
C  [jli.dll+0x5267]
C  [ucrtbase.dll+0x21bb2]
C  [KERNEL32.DLL+0x17604]
C  [ntdll.dll+0x526a1]


---------------  P R O C E S S  ---------------

Threads class SMR info:
_java_thread_list=0x00007ffec45a5fd8, length=0, elements={
}

Java Threads: ( => current thread )

Other Threads:
  0x00000208a7d29b20 GCTaskThread "GC Thread#0" [stack: 0x0000002033f00000,0x0000002034000000] [id=51488]
  0x00000208a7d3aba0 ConcurrentGCThread "G1 Main Marker" [stack: 0x0000002034000000,0x0000002034100000] [id=42928]
  0x00000208a7d3b3c0 ConcurrentGCThread "G1 Conc#0" [stack: 0x0000002034100000,0x0000002034200000] [id=13472]

[error occurred during error reporting (printing all threads), id 0xc0000005, EXCEPTION_ACCESS_VIOLATION (0xc0000005) at pc=0x00007ffec3d7c1e7]

VM state: not at safepoint (not fully initialized)

VM Mutex/Monitor currently owned by a thread:  ([mutex/lock_event])
[0x00000208a7cb7d70] Heap_lock - owner thread: 0x00000208a7cbcb90

Heap address: 0x0000000704600000, size: 4026 MB, Compressed Oops mode: Zero based, Oop shift amount: 3

CDS archive(s) mapped at: [0x0000000000000000-0x0000000000000000-0x0000000000000000), size 0, SharedBaseAddress: 0x0000000800000000, ArchiveRelocationMode: 0.
Narrow klass base: 0x0000000000000000, Narrow klass shift: 0, Narrow klass range: 0x0

GC Precious Log:
<Empty>

Heap:
 garbage-first heap   total 0K, used 0K [0x0000000704600000, 0x0000000800000000)
  region size 2048K, 0 young (0K), 0 survivors (0K)

[error occurred during error reporting (printing heap information), id 0xc0000005, EXCEPTION_ACCESS_VIOLATION (0xc0000005) at pc=0x00007ffec41606f9]

GC Heap History (0 events):
No events

Dll operation events (1 events):
Event: 0.005 Loaded shared library C:\eclipse\plugins\org.eclipse.justj.openjdk.hotspot.jre.full.win32.x86_64_17.0.6.v20230204-1729\jre\bin\java.dll

Deoptimization events (0 events):
No events

Classes unloaded (0 events):
No events

Classes redefined (0 events):
No events

Internal exceptions (0 events):
No events

VM Operations (0 events):
No events

Events (0 events):
No events


Dynamic libraries:
0x00007ff6c2b90000 - 0x00007ff6c2b9e000 	C:\eclipse\plugins\org.eclipse.justj.openjdk.hotspot.jre.full.win32.x86_64_17.0.6.v20230204-1729\jre\bin\javaw.exe
0x00007fff1ad90000 - 0x00007fff1af88000 	C:\Windows\SYSTEM32\ntdll.dll
0x00007fff1ab20000 - 0x00007fff1abdf000 	C:\Windows\System32\KERNEL32.DLL
0x00007fff18710000 - 0x00007fff189ea000 	C:\Windows\System32\KERNELBASE.dll
0x00007fff18560000 - 0x00007fff18660000 	C:\Windows\System32\ucrtbase.dll
0x00007fff01c70000 - 0x00007fff01c89000 	C:\eclipse\plugins\org.eclipse.justj.openjdk.hotspot.jre.full.win32.x86_64_17.0.6.v20230204-1729\jre\bin\VCRUNTIME140.dll
0x00007fff01ff0000 - 0x00007fff02007000 	C:\eclipse\plugins\org.eclipse.justj.openjdk.hotspot.jre.full.win32.x86_64_17.0.6.v20230204-1729\jre\bin\jli.dll
0x00007fff18f60000 - 0x00007fff190fd000 	C:\Windows\System32\USER32.dll
0x00007fff18c10000 - 0x00007fff18c32000 	C:\Windows\System32\win32u.dll
0x00007fff178a0000 - 0x00007fff17b3a000 	C:\Windows\WinSxS\amd64_microsoft.windows.common-controls_6595b64144ccf1df_6.0.19041.1110_none_60b5254171f9507e\COMCTL32.dll
0x00007fff18df0000 - 0x00007fff18e1b000 	C:\Windows\System32\GDI32.dll
0x00007fff197b0000 - 0x00007fff1984e000 	C:\Windows\System32\msvcrt.dll
0x00007fff18ce0000 - 0x00007fff18df0000 	C:\Windows\System32\gdi32full.dll
0x00007fff18c40000 - 0x00007fff18cdd000 	C:\Windows\System32\msvcp_win.dll
0x00007fff19680000 - 0x00007fff196b0000 	C:\Windows\System32\IMM32.DLL
0x00007fff09bc0000 - 0x00007fff09bcc000 	C:\eclipse\plugins\org.eclipse.justj.openjdk.hotspot.jre.full.win32.x86_64_17.0.6.v20230204-1729\jre\bin\vcruntime140_1.dll
0x00007ffefefd0000 - 0x00007ffeff061000 	C:\eclipse\plugins\org.eclipse.justj.openjdk.hotspot.jre.full.win32.x86_64_17.0.6.v20230204-1729\jre\bin\msvcp140.dll
0x00007ffec3a90000 - 0x00007ffec46d7000 	C:\eclipse\plugins\org.eclipse.justj.openjdk.hotspot.jre.full.win32.x86_64_17.0.6.v20230204-1729\jre\bin\server\jvm.dll
0x00007fff195d0000 - 0x00007fff1967e000 	C:\Windows\System32\ADVAPI32.dll
0x00007fff19d40000 - 0x00007fff19ddc000 	C:\Windows\System32\sechost.dll
0x00007fff19c10000 - 0x00007fff19d36000 	C:\Windows\System32\RPCRT4.dll
0x00007ffefef90000 - 0x00007ffefefb7000 	C:\Windows\SYSTEM32\WINMM.dll
0x00007ffe71c10000 - 0x00007ffe71c19000 	C:\Windows\SYSTEM32\WSOCK32.dll
0x00007fff1aab0000 - 0x00007fff1ab1b000 	C:\Windows\System32\WS2_32.dll
0x00007fff16160000 - 0x00007fff1616a000 	C:\Windows\SYSTEM32\VERSION.dll
0x00007fff15ed0000 - 0x00007fff15ee2000 	C:\Windows\SYSTEM32\kernel.appcore.dll
0x00007fff146c0000 - 0x00007fff146ca000 	C:\eclipse\plugins\org.eclipse.justj.openjdk.hotspot.jre.full.win32.x86_64_17.0.6.v20230204-1729\jre\bin\jimage.dll
0x00007fff17ed0000 - 0x00007fff180b4000 	C:\Windows\SYSTEM32\DBGHELP.DLL
0x00007fff17e10000 - 0x00007fff17e44000 	C:\Windows\SYSTEM32\dbgcore.DLL
0x00007fff18b80000 - 0x00007fff18c02000 	C:\Windows\System32\bcryptPrimitives.dll
0x00007fff01f50000 - 0x00007fff01f75000 	C:\eclipse\plugins\org.eclipse.justj.openjdk.hotspot.jre.full.win32.x86_64_17.0.6.v20230204-1729\jre\bin\java.dll

dbghelp: loaded successfully - version: 4.0.5 - missing functions: none
symbol engine: initialized successfully - sym options: 0x614 - pdb path: .;C:\eclipse\plugins\org.eclipse.justj.openjdk.hotspot.jre.full.win32.x86_64_17.0.6.v20230204-1729\jre\bin;C:\Windows\SYSTEM32;C:\Windows\WinSxS\amd64_microsoft.windows.common-controls_6595b64144ccf1df_6.0.19041.1110_none_60b5254171f9507e;C:\eclipse\plugins\org.eclipse.justj.openjdk.hotspot.jre.full.win32.x86_64_17.0.6.v20230204-1729\jre\bin\server

VM Arguments:
jvm_args: --module-path=C:\javafx-sdk-18.0.1\lib --add-modules=javafx.controls,javafx.fxml -Dfile.encoding=UTF-8 -XX:+ShowCodeDetailsInExceptionMessages 
java_command: application.Main
java_class_path (initial): C:\Users\jackh\eclipse-workspace\Project1\bin;C:\javafx-sdk-18.0.1\lib\javafx.base.jar;C:\javafx-sdk-18.0.1\lib\javafx.controls.jar;C:\javafx-sdk-18.0.1\lib\javafx.fxml.jar;C:\javafx-sdk-18.0.1\lib\javafx.graphics.jar;C:\javafx-sdk-18.0.1\lib\javafx.media.jar;C:\javafx-sdk-18.0.1\lib\javafx.swing.jar;C:\javafx-sdk-18.0.1\lib\javafx.web.jar;C:\javafx-sdk-18.0.1\lib\javafx-swt.jar
Launcher Type: SUN_STANDARD

[Global flags]
     intx CICompilerCount                          = 12                                        {product} {ergonomic}
     uint ConcGCThreads                            = 3                                         {product} {ergonomic}
     uint G1ConcRefinementThreads                  = 13                                        {product} {ergonomic}
   size_t G1HeapRegionSize                         = 2097152                                   {product} {ergonomic}
    uintx GCDrainStackTargetSize                   = 64                                        {product} {ergonomic}
   size_t InitialHeapSize                          = 264241152                                 {product} {ergonomic}
   size_t MarkStackSize                            = 4194304                                   {product} {ergonomic}
   size_t MaxHeapSize                              = 4221566976                                {product} {ergonomic}
   size_t MinHeapDeltaBytes                        = 2097152                                   {product} {ergonomic}
   size_t MinHeapSize                              = 8388608                                   {product} {ergonomic}
    uintx NonNMethodCodeHeapSize                   = 7602480                                {pd product} {ergonomic}
    uintx NonProfiledCodeHeapSize                  = 122027880                              {pd product} {ergonomic}
    uintx ProfiledCodeHeapSize                     = 122027880                              {pd product} {ergonomic}
    uintx ReservedCodeCacheSize                    = 251658240                              {pd product} {ergonomic}
     bool SegmentedCodeCache                       = true                                      {product} {ergonomic}
     bool ShowCodeDetailsInExceptionMessages       = true                                   {manageable} {command line}
   size_t SoftMaxHeapSize                          = 4221566976                             {manageable} {ergonomic}
     bool UseCompressedClassPointers               = true                           {product lp64_product} {ergonomic}
     bool UseCompressedOops                        = true                           {product lp64_product} {ergonomic}
     bool UseG1GC                                  = true                                      {product} {ergonomic}
     bool UseLargePagesIndividualAllocation        = false                                  {pd product} {ergonomic}

Logging:
Log output configuration:
 #0: stdout all=warning uptime,level,tags
 #1: stderr all=off uptime,level,tags

Environment Variables:
JAVA_HOME=C:\Program Files\Amazon Corretto\jdk1.8.0_362
PATH=C:/eclipse//plugins/org.eclipse.justj.openjdk.hotspot.jre.full.win32.x86_64_17.0.6.v20230204-1729/jre/bin/server;C:/eclipse//plugins/org.eclipse.justj.openjdk.hotspot.jre.full.win32.x86_64_17.0.6.v20230204-1729/jre/bin;C:\Program Files\Eclipse Adoptium\jdk-11.0.18.10-hotspot\bin;C:\Program Files\Amazon Corretto\jdk1.8.0_362\bin;C:\Program Files\Common Files\Oracle\Java\javapath;C:\Program Files (x86)\Common Files\Oracle\Java\javapath;C:\Windows\system32;C:\Windows;C:\Windows\System32\Wbem;C:\Windows\System32\WindowsPowerShell\v1.0\;C:\Windows\System32\OpenSSH\;C:\HashiCorp\Vagrant\bin;C:\Program Files\Git\cmd;C:\Program Files\dotnet\;C:\Program Files\PuTTY\;C:\Users\jackh\AppData\Local\Microsoft\WindowsApps;C:\Users\jackh\AppData\Local\Programs\Microsoft VS Code\bin;C:\eclipse;
USERNAME=jackh
OS=Windows_NT
PROCESSOR_IDENTIFIER=Intel64 Family 6 Model 141 Stepping 1, GenuineIntel
TMP=C:\Users\jackh\AppData\Local\Temp
TEMP=C:\Users\jackh\AppData\Local\Temp



---------------  S Y S T E M  ---------------

OS:
 Windows 10 , 64 bit Build 19041 (10.0.19041.2788)
OS uptime: 4 days 20:55 hours

CPU: total 16 (initial active 16) (8 cores per cpu, 2 threads per core) family 6 model 141 stepping 1 microcode 0x3e, cx8, cmov, fxsr, ht, mmx, 3dnowpref, sse, sse2, sse3, ssse3, sse4.1, sse4.2, popcnt, lzcnt, tsc, tscinvbit, avx, avx2, aes, erms, clmul, bmi1, bmi2, adx, avx512f, avx512dq, avx512cd, avx512bw, avx512vl, sha, fma, vzeroupper, avx512_vpopcntdq, avx512_vpclmulqdq, avx512_vaes, avx512_vnni, clflush, clflushopt, clwb, avx512_vbmi2, avx512_vbmi

Memory: 4k page, system-wide physical 16103M (1573M free)
TotalPageFile size 65243M (AvailPageFile size 138M)
current process WorkingSet (physical memory assigned to process): 10M, peak: 10M
current process commit charge ("private bytes"): 70M, peak: 322M

vm_info: OpenJDK 64-Bit Server VM (17.0.6+10) for windows-amd64 JRE (17.0.6+10), built on Jan 18 2023 10:08:59 by "temurin" with MS VC++ 16.7 (VS2019)

END.
